[2021/11/28] 22:05:07 qwerty has joined
[2021/11/28] 22:05:08 asdf has joined
[2021/11/28] 22:05:09 qwerty: hello 
[2021/11/28] 22:05:13 asdf: hi hello 
[2021/11/28] 22:07:23 asdf has left
[2021/11/28] 22:07:25 qwerty has left
[2021/11/29] 13:20:20 qwerty has joined
[2021/11/29] 13:20:27 mike has joined
[2021/11/29] 13:20:32 qwerty: he 
[2021/11/29] 13:20:35 mike: hello 
[2021/11/29] 13:22:06 qwerty: kkkkkkkkkkkk 
[2021/11/29] 13:22:28 qwerty has left
[2021/11/29] 13:22:29 mike has left
[2021/11/29] 13:22:42 santa has joined
[2021/11/29] 13:23:01 era has joined
[2021/11/29] 13:25:07 santa has left
[2021/11/29] 13:25:09 era has left
[2021/11/29] 13:53:36 qwerty has joined
[2021/11/29] 13:53:51 상현 has joined
[2021/11/29] 13:53:55 qwerty: 안녕하세요 
[2021/11/29] 13:53:59 상현: 반갑습니다 
[2021/11/29] 14:02:26 qwerty has joined
[2021/11/29] 14:02:31 good has joined
[2021/11/29] 14:02:55 qwerty: hi! good afternoon! 
[2021/11/29] 14:03:10 good: hello! how R Y? 
[2021/11/29] 14:03:17 qwerty: good!!! 
